<?xml version="1.0" encoding="UTF-8"?>
<testsuite xmlns:xsi="http://www.w3.org/2001/XMLSchema-instance" xsi:noNamespaceSchemaLocation="https://maven.apache.org/surefire/maven-surefire-plugin/xsd/surefire-test-report-3.0.xsd" version="3.0" name="artifactory.test.AppTest" time="0.015" tests="1" errors="0" skipped="0" failures="0">
  <properties>
    <property name="java.specification.version" value="19"/>
    <property name="sun.jnu.encoding" value="UTF-8"/>
    <property name="java.class.path" value="/Users/ananthak/IdeaProjects/SwampUp2023/JFTD105-Multisite_Use_Cases_With_the_JFrog Platform/lab-4-distribution/example/maven-example/multi2/target/test-classes:/Users/ananthak/IdeaProjects/SwampUp2023/JFTD105-Multisite_Use_Cases_With_the_JFrog Platform/lab-4-distribution/example/maven-example/multi2/target/classes:/Users/ananthak/.m2/repository/org/slf4j/slf4j-api/1.7.32/slf4j-api-1.7.32.jar:/Users/ananthak/.m2/repository/org/springframework/spring-test/5.3.14/spring-test-5.3.14.jar:/Users/ananthak/.m2/repository/org/springframework/spring-core/5.3.14/spring-core-5.3.14.jar:/Users/ananthak/.m2/repository/org/springframework/spring-jcl/5.3.14/spring-jcl-5.3.14.jar:/Users/ananthak/.m2/repository/org/springframework/spring-jdbc/5.3.13/spring-jdbc-5.3.13.jar:/Users/ananthak/.m2/repository/org/springframework/spring-beans/5.3.13/spring-beans-5.3.13.jar:/Users/ananthak/.m2/repository/org/springframework/spring-tx/5.3.13/spring-tx-5.3.13.jar:/Users/ananthak/.m2/repository/org/mockito/mockito-all/1.10.19/mockito-all-1.10.19.jar:/Users/ananthak/.m2/repository/com/fasterxml/jackson/core/jackson-databind/2.13.0/jackson-databind-2.13.0.jar:/Users/ananthak/.m2/repository/com/fasterxml/jackson/core/jackson-annotations/2.13.0/jackson-annotations-2.13.0.jar:/Users/ananthak/.m2/repository/com/fasterxml/jackson/core/jackson-core/2.13.0/jackson-core-2.13.0.jar:/Users/ananthak/.m2/repository/junit/junit/4.13.2/junit-4.13.2.jar:/Users/ananthak/.m2/repository/org/hamcrest/hamcrest-core/1.3/hamcrest-core-1.3.jar:"/>
    <property name="java.vm.vendor" value="Oracle Corporation"/>
    <property name="sun.arch.data.model" value="64"/>
    <property name="java.vendor.url" value="https://java.oracle.com/"/>
    <property name="os.name" value="Mac OS X"/>
    <property name="java.vm.specification.version" value="19"/>
    <property name="sun.java.launcher" value="SUN_STANDARD"/>
    <property name="user.country" value="US"/>
    <property name="sun.boot.library.path" value="/Users/ananthak/Library/Java/JavaVirtualMachines/openjdk-19.0.2/Contents/Home/lib"/>
    <property name="sun.java.command" value="/Users/ananthak/IdeaProjects/SwampUp2023/JFTD105-Multisite_Use_Cases_With_the_JFrog Platform/lab-4-distribution/example/maven-example/multi2/target/surefire/surefirebooter-20230904211021359_6.jar /Users/ananthak/IdeaProjects/SwampUp2023/JFTD105-Multisite_Use_Cases_With_the_JFrog Platform/lab-4-distribution/example/maven-example/multi2/target/surefire 2023-09-04T21-10-20_580-jvmRun1 surefire-20230904211021359_4tmp surefire_1-20230904211021359_5tmp"/>
    <property name="jdk.debug" value="release"/>
    <property name="surefire.test.class.path" value="/Users/ananthak/IdeaProjects/SwampUp2023/JFTD105-Multisite_Use_Cases_With_the_JFrog Platform/lab-4-distribution/example/maven-example/multi2/target/test-classes:/Users/ananthak/IdeaProjects/SwampUp2023/JFTD105-Multisite_Use_Cases_With_the_JFrog Platform/lab-4-distribution/example/maven-example/multi2/target/classes:/Users/ananthak/.m2/repository/org/slf4j/slf4j-api/1.7.32/slf4j-api-1.7.32.jar:/Users/ananthak/.m2/repository/org/springframework/spring-test/5.3.14/spring-test-5.3.14.jar:/Users/ananthak/.m2/repository/org/springframework/spring-core/5.3.14/spring-core-5.3.14.jar:/Users/ananthak/.m2/repository/org/springframework/spring-jcl/5.3.14/spring-jcl-5.3.14.jar:/Users/ananthak/.m2/repository/org/springframework/spring-jdbc/5.3.13/spring-jdbc-5.3.13.jar:/Users/ananthak/.m2/repository/org/springframework/spring-beans/5.3.13/spring-beans-5.3.13.jar:/Users/ananthak/.m2/repository/org/springframework/spring-tx/5.3.13/spring-tx-5.3.13.jar:/Users/ananthak/.m2/repository/org/mockito/mockito-all/1.10.19/mockito-all-1.10.19.jar:/Users/ananthak/.m2/repository/com/fasterxml/jackson/core/jackson-databind/2.13.0/jackson-databind-2.13.0.jar:/Users/ananthak/.m2/repository/com/fasterxml/jackson/core/jackson-annotations/2.13.0/jackson-annotations-2.13.0.jar:/Users/ananthak/.m2/repository/com/fasterxml/jackson/core/jackson-core/2.13.0/jackson-core-2.13.0.jar:/Users/ananthak/.m2/repository/junit/junit/4.13.2/junit-4.13.2.jar:/Users/ananthak/.m2/repository/org/hamcrest/hamcrest-core/1.3/hamcrest-core-1.3.jar:"/>
    <property name="sun.cpu.endian" value="little"/>
    <property name="user.home" value="/Users/ananthak"/>
    <property name="user.language" value="en"/>
    <property name="java.specification.vendor" value="Oracle Corporation"/>
    <property name="java.version.date" value="2023-01-17"/>
    <property name="java.home" value="/Users/ananthak/Library/Java/JavaVirtualMachines/openjdk-19.0.2/Contents/Home"/>
    <property name="file.separator" value="/"/>
    <property name="basedir" value="/Users/ananthak/IdeaProjects/SwampUp2023/JFTD105-Multisite_Use_Cases_With_the_JFrog Platform/lab-4-distribution/example/maven-example/multi2"/>
    <property name="java.vm.compressedOopsMode" value="Zero based"/>
    <property name="line.separator" value="&#10;"/>
    <property name="java.specification.name" value="Java Platform API Specification"/>
    <property name="java.vm.specification.vendor" value="Oracle Corporation"/>
    <property name="apple.awt.application.name" value="ForkedBooter"/>
    <property name="surefire.real.class.path" value="/Users/ananthak/IdeaProjects/SwampUp2023/JFTD105-Multisite_Use_Cases_With_the_JFrog Platform/lab-4-distribution/example/maven-example/multi2/target/surefire/surefirebooter-20230904211021359_6.jar"/>
    <property name="sun.management.compiler" value="HotSpot 64-Bit Tiered Compilers"/>
    <property name="java.runtime.version" value="19.0.2+7-44"/>
    <property name="user.name" value="ananthak"/>
    <property name="stdout.encoding" value="UTF-8"/>
    <property name="path.separator" value=":"/>
    <property name="os.version" value="13.4.1"/>
    <property name="java.runtime.name" value="OpenJDK Runtime Environment"/>
    <property name="file.encoding" value="UTF-8"/>
    <property name="java.vm.name" value="OpenJDK 64-Bit Server VM"/>
    <property name="localRepository" value="/Users/ananthak/.m2/repository"/>
    <property name="java.vendor.url.bug" value="https://bugreport.java.com/bugreport/"/>
    <property name="java.io.tmpdir" value="/var/folders/by/y0l6pd096k70fsmt_pdssblr0000gn/T/"/>
    <property name="java.version" value="19.0.2"/>
    <property name="user.dir" value="/Users/ananthak/IdeaProjects/SwampUp2023/JFTD105-Multisite_Use_Cases_With_the_JFrog Platform/lab-4-distribution/example/maven-example/multi2"/>
    <property name="os.arch" value="aarch64"/>
    <property name="java.vm.specification.name" value="Java Virtual Machine Specification"/>
    <property name="native.encoding" value="UTF-8"/>
    <property name="java.library.path" value="/Users/ananthak/Library/Java/Extensions:/Library/Java/Extensions:/Network/Library/Java/Extensions:/System/Library/Java/Extensions:/usr/lib/java:."/>
    <property name="java.vm.info" value="mixed mode, sharing"/>
    <property name="stderr.encoding" value="UTF-8"/>
    <property name="java.vendor" value="Oracle Corporation"/>
    <property name="java.vm.version" value="19.0.2+7-44"/>
    <property name="sun.io.unicode.encoding" value="UnicodeBig"/>
    <property name="java.class.version" value="63.0"/>
  </properties>
  <testcase name="testApp" classname="artifactory.test.AppTest" time="0.001"/>
</testsuite>